# JRE version: OpenJDK Runtime Environment (11.0.20.1+1) (build 11.0.20.1+1-post-Ubuntu-0ubuntu122.04)
# Java VM: OpenJDK 64-Bit Server VM (11.0.20.1+1-post-Ubuntu-0ubuntu122.04, mixed mode, sharing, tiered, compressed oops, g1 gc, linux-amd64)
Heap:
 garbage-first heap   total 278528K, used 25844K [0x000000060b800000, 0x0000000800000000)
  region size 2048K, 5 young (10240K), 1 survivors (2048K)
 Metaspace       used 8843K, capacity 10679K, committed 11008K, reserved 1058816K
  class space    used 953K, capacity 1193K, committed 1280K, reserved 1048576K
GC Heap History (18 events):
Event: 0.225 GC heap before
{Heap before GC invocations=0 (full 0):
 garbage-first heap   total 518144K, used 6864K [0x000000060b800000, 0x0000000800000000)
  region size 2048K, 2 young (4096K), 0 survivors (0K)
 Metaspace       used 1322K, capacity 4692K, committed 4864K, reserved 1056768K
  class space    used 126K, capacity 434K, committed 512K, reserved 1048576K
}
Event: 0.227 GC heap after
{Heap after GC invocations=1 (full 1):
 garbage-first heap   total 40960K, used 5847K [0x000000060b800000, 0x0000000800000000)
  region size 2048K, 0 young (0K), 0 survivors (0K)
 Metaspace       used 1322K, capacity 4692K, committed 4864K, reserved 1056768K
  class space    used 126K, capacity 434K, committed 512K, reserved 1048576K
}
Event: 0.305 GC heap before
{Heap before GC invocations=1 (full 1):
 garbage-first heap   total 40960K, used 18135K [0x000000060b800000, 0x0000000800000000)
  region size 2048K, 6 young (12288K), 0 survivors (0K)
 Metaspace       used 2045K, capacity 4881K, committed 5120K, reserved 1056768K
  class space    used 181K, capacity 450K, committed 512K, reserved 1048576K
}
Event: 0.306 GC heap after
{Heap after GC invocations=2 (full 1):
 garbage-first heap   total 40960K, used 7207K [0x000000060b800000, 0x0000000800000000)
  region size 2048K, 1 young (2048K), 1 survivors (2048K)
 Metaspace       used 2045K, capacity 4881K, committed 5120K, reserved 1056768K
  class space    used 181K, capacity 450K, committed 512K, reserved 1048576K
}
Event: 0.327 GC heap before
{Heap before GC invocations=2 (full 1):
 garbage-first heap   total 40960K, used 21543K [0x000000060b800000, 0x0000000800000000)
  region size 2048K, 8 young (16384K), 1 survivors (2048K)
 Metaspace       used 2064K, capacity 4881K, committed 5120K, reserved 1056768K
  class space    used 181K, capacity 450K, committed 512K, reserved 1048576K
}
Event: 0.329 GC heap after
{Heap after GC invocations=3 (full 1):
 garbage-first heap   total 40960K, used 8783K [0x000000060b800000, 0x0000000800000000)
  region size 2048K, 1 young (2048K), 1 survivors (2048K)
 Metaspace       used 2064K, capacity 4881K, committed 5120K, reserved 1056768K
  class space    used 181K, capacity 450K, committed 512K, reserved 1048576K
}
Event: 0.348 GC heap before
{Heap before GC invocations=3 (full 1):
 garbage-first heap   total 40960K, used 19023K [0x000000060b800000, 0x0000000800000000)
  region size 2048K, 7 young (14336K), 1 survivors (2048K)
 Metaspace       used 2112K, capacity 4882K, committed 5120K, reserved 1056768K
  class space    used 181K, capacity 450K, committed 512K, reserved 1048576K
}
Event: 0.355 GC heap after
{Heap after GC invocations=4 (full 2):
 garbage-first heap   total 40960K, used 9929K [0x000000060b800000, 0x0000000800000000)
  region size 2048K, 0 young (0K), 0 survivors (0K)
 Metaspace       used 2112K, capacity 4882K, committed 5120K, reserved 1056768K
  class space    used 181K, capacity 450K, committed 512K, reserved 1048576K
}
Event: 0.360 GC heap before
{Heap before GC invocations=4 (full 2):
 garbage-first heap   total 40960K, used 9929K [0x000000060b800000, 0x0000000800000000)
  region size 2048K, 1 young (2048K), 0 survivors (0K)
 Metaspace       used 2120K, capacity 4882K, committed 5120K, reserved 1056768K
  class space    used 183K, capacity 450K, committed 512K, reserved 1048576K
}
Event: 0.365 GC heap after
{Heap after GC invocations=5 (full 3):
 garbage-first heap   total 40960K, used 9934K [0x000000060b800000, 0x0000000800000000)
  region size 2048K, 0 young (0K), 0 survivors (0K)
 Metaspace       used 2120K, capacity 4882K, committed 5120K, reserved 1056768K
  class space    used 183K, capacity 450K, committed 512K, reserved 1048576K
}
Event: 0.378 GC heap before
{Heap before GC invocations=5 (full 3):
 garbage-first heap   total 40960K, used 9934K [0x000000060b800000, 0x0000000800000000)
  region size 2048K, 1 young (2048K), 0 survivors (0K)
 Metaspace       used 2448K, capacity 5052K, committed 5120K, reserved 1056768K
  class space    used 221K, capacity 488K, committed 512K, reserved 1048576K
}
Event: 0.379 GC heap after
{Heap after GC invocations=6 (full 3):
 garbage-first heap   total 40960K, used 10214K [0x000000060b800000, 0x0000000800000000)
  region size 2048K, 1 young (2048K), 1 survivors (2048K)
 Metaspace       used 2448K, capacity 5052K, committed 5120K, reserved 1056768K
  class space    used 221K, capacity 488K, committed 512K, reserved 1048576K
}
Event: 0.452 GC heap before
{Heap before GC invocations=7 (full 3):
 garbage-first heap   total 40960K, used 16358K [0x000000060b800000, 0x0000000800000000)
  region size 2048K, 4 young (8192K), 1 survivors (2048K)
 Metaspace       used 2830K, capacity 5175K, committed 5376K, reserved 1056768K
  class space    used 270K, capacity 509K, committed 512K, reserved 1048576K
}
Event: 0.459 GC heap after
{Heap after GC invocations=8 (full 4):
 garbage-first heap   total 40960K, used 18783K [0x000000060b800000, 0x0000000800000000)
  region size 2048K, 0 young (0K), 0 survivors (0K)
 Metaspace       used 2830K, capacity 5175K, committed 5376K, reserved 1056768K
  class space    used 270K, capacity 509K, committed 512K, reserved 1048576K
}
Event: 0.580 GC heap before
{Heap before GC invocations=8 (full 4):
 garbage-first heap   total 40960K, used 24927K [0x000000060b800000, 0x0000000800000000)
  region size 2048K, 4 young (8192K), 0 survivors (0K)
 Metaspace       used 4685K, capacity 6795K, committed 7168K, reserved 1056768K
  class space    used 384K, capacity 645K, committed 768K, reserved 1048576K
}
Event: 0.581 GC heap after
{Heap after GC invocations=9 (full 4):
 garbage-first heap   total 40960K, used 19496K [0x000000060b800000, 0x0000000800000000)
  region size 2048K, 1 young (2048K), 1 survivors (2048K)
 Metaspace       used 4685K, capacity 6795K, committed 7168K, reserved 1056768K
  class space    used 384K, capacity 645K, committed 768K, reserved 1048576K
}
Event: 0.713 GC heap before
{Heap before GC invocations=10 (full 4):
 garbage-first heap   total 40960K, used 25640K [0x000000060b800000, 0x0000000800000000)
  region size 2048K, 5 young (10240K), 1 survivors (2048K)
 Metaspace       used 6814K, capacity 8817K, committed 9088K, reserved 1056768K
  class space    used 544K, capacity 806K, committed 896K, reserved 1048576K
}
Event: 0.714 GC heap after
{Heap after GC invocations=11 (full 4):
 garbage-first heap   total 278528K, used 19700K [0x000000060b800000, 0x0000000800000000)
  region size 2048K, 1 young (2048K), 1 survivors (2048K)
 Metaspace       used 6814K, capacity 8817K, committed 9088K, reserved 1056768K
  class space    used 544K, capacity 806K, committed 896K, reserved 1048576K
}

